# JRE version: OpenJDK Runtime Environment Temurin-21.0.9+10 (21.0.9+10) (build 21.0.9+10-LTS)
# Java VM: OpenJDK 64-Bit Server VM Temurin-21.0.9+10 (21.0.9+10-LTS, mixed mode, sharing, tiered, compressed oops, compressed class ptrs, parallel gc, windows-amd64)
GC Precious Log:
 CardTable entry size: 512
 CPUs: 12 total, 12 available
 Memory: 16383M
 Large Page Support: Disabled
 NUMA Support: Disabled
 Compressed Oops: Enabled (Zero based)
 Alignments: Space 512K, Generation 512K, Heap 2M
 Heap Min Capacity: 100M
 Heap Initial Capacity: 100M
 Heap Max Capacity: 4G
 Pre-touch: Disabled
 Parallel Workers: 10
Heap:
 PSYoungGen      total 27136K, used 26396K [0x00000007aab00000, 0x00000007ad000000, 0x0000000800000000)
  eden space 17408K, 96% used [0x00000007aab00000,0x00000007abb74d08,0x00000007abc00000)
  from space 9728K, 98% used [0x00000007abf00000,0x00000007ac852448,0x00000007ac880000)
  to   space 7680K, 90% used [0x00000007ac880000,0x00000007acf50020,0x00000007ad000000)
 ParOldGen       total 634368K, used 634362K [0x0000000700000000, 0x0000000726b80000, 0x00000007aab00000)
  object space 634368K, 99% used [0x0000000700000000,0x0000000726b7e8f8,0x0000000726b80000)
 Metaspace       used 56591K, committed 58048K, reserved 1114112K
  class space    used 6118K, committed 6784K, reserved 1048576K
GC Heap History (20 events):
Event: 36.605 GC heap after
{Heap after GC invocations=170 (full 2):
 PSYoungGen      total 32768K, used 7296K [0x00000007aab00000, 0x00000007ae480000, 0x0000000800000000)
  eden space 25088K, 0% used [0x00000007aab00000,0x00000007aab00000,0x00000007ac380000)
  from space 7680K, 95% used [0x00000007add00000,0x00000007ae420000,0x00000007ae480000)
  to   space 13312K, 0% used [0x00000007aca80000,0x00000007aca80000,0x00000007ad780000)
 ParOldGen       total 422400K, used 421757K [0x0000000700000000, 0x0000000719c80000, 0x00000007aab00000)
  object space 422400K, 99% used [0x0000000700000000,0x0000000719bdf578,0x0000000719c80000)
 Metaspace       used 56153K, committed 57600K, reserved 1114112K
  class space    used 6066K, committed 6720K, reserved 1048576K
}
Event: 36.681 GC heap before
{Heap before GC invocations=171 (full 2):
 PSYoungGen      total 32768K, used 32384K [0x00000007aab00000, 0x00000007ae480000, 0x0000000800000000)
  eden space 25088K, 100% used [0x00000007aab00000,0x00000007ac380000,0x00000007ac380000)
  from space 7680K, 95% used [0x00000007add00000,0x00000007ae420000,0x00000007ae480000)
  to   space 13312K, 0% used [0x00000007aca80000,0x00000007aca80000,0x00000007ad780000)
 ParOldGen       total 422400K, used 421757K [0x0000000700000000, 0x0000000719c80000, 0x00000007aab00000)
  object space 422400K, 99% used [0x0000000700000000,0x0000000719bdf578,0x0000000719c80000)
 Metaspace       used 56154K, committed 57600K, reserved 1114112K
  class space    used 6066K, committed 6720K, reserved 1048576K
}
Event: 36.709 GC heap after
{Heap after GC invocations=171 (full 2):
 PSYoungGen      total 35840K, used 11232K [0x00000007aab00000, 0x00000007add80000, 0x0000000800000000)
  eden space 24576K, 0% used [0x00000007aab00000,0x00000007aab00000,0x00000007ac300000)
  from space 11264K, 99% used [0x00000007aca80000,0x00000007ad578010,0x00000007ad580000)
  to   space 8192K, 0% used [0x00000007ad580000,0x00000007ad580000,0x00000007add80000)
 ParOldGen       total 437248K, used 437101K [0x0000000700000000, 0x000000071ab00000, 0x00000007aab00000)
  object space 437248K, 99% used [0x0000000700000000,0x000000071aadb588,0x000000071ab00000)
 Metaspace       used 56154K, committed 57600K, reserved 1114112K
  class space    used 6066K, committed 6720K, reserved 1048576K
}
Event: 36.796 GC heap before
{Heap before GC invocations=172 (full 2):
 PSYoungGen      total 35840K, used 35808K [0x00000007aab00000, 0x00000007add80000, 0x0000000800000000)
  eden space 24576K, 100% used [0x00000007aab00000,0x00000007ac300000,0x00000007ac300000)
  from space 11264K, 99% used [0x00000007aca80000,0x00000007ad578010,0x00000007ad580000)
  to   space 8192K, 0% used [0x00000007ad580000,0x00000007ad580000,0x00000007add80000)
 ParOldGen       total 437248K, used 437101K [0x0000000700000000, 0x000000071ab00000, 0x00000007aab00000)
  object space 437248K, 99% used [0x0000000700000000,0x000000071aadb588,0x000000071ab00000)
 Metaspace       used 56154K, committed 57600K, reserved 1114112K
  class space    used 6066K, committed 6720K, reserved 1048576K
}
Event: 36.820 GC heap after
{Heap after GC invocations=172 (full 2):
 PSYoungGen      total 25600K, used 8192K [0x00000007aab00000, 0x00000007af580000, 0x0000000800000000)
  eden space 17408K, 0% used [0x00000007aab00000,0x00000007aab00000,0x00000007abc00000)
  from space 8192K, 100% used [0x00000007ad580000,0x00000007add80000,0x00000007add80000)
  to   space 26112K, 0% used [0x00000007abc00000,0x00000007abc00000,0x00000007ad580000)
 ParOldGen       total 452608K, used 452294K [0x0000000700000000, 0x000000071ba00000, 0x00000007aab00000)
  object space 452608K, 99% used [0x0000000700000000,0x000000071b9b1888,0x000000071ba00000)
 Metaspace       used 56154K, committed 57600K, reserved 1114112K
  class space    used 6066K, committed 6720K, reserved 1048576K
}
Event: 37.021 GC heap before
{Heap before GC invocations=173 (full 2):
 PSYoungGen      total 25600K, used 25600K [0x00000007aab00000, 0x00000007af580000, 0x0000000800000000)
  eden space 17408K, 100% used [0x00000007aab00000,0x00000007abc00000,0x00000007abc00000)
  from space 8192K, 100% used [0x00000007ad580000,0x00000007add80000,0x00000007add80000)
  to   space 26112K, 0% used [0x00000007abc00000,0x00000007abc00000,0x00000007ad580000)
 ParOldGen       total 452608K, used 452294K [0x0000000700000000, 0x000000071ba00000, 0x00000007aab00000)
  object space 452608K, 99% used [0x0000000700000000,0x000000071b9b1888,0x000000071ba00000)
 Metaspace       used 56154K, committed 57600K, reserved 1114112K
  class space    used 6066K, committed 6720K, reserved 1048576K
}
Event: 37.037 GC heap after
{Heap after GC invocations=173 (full 2):
 PSYoungGen      total 22528K, used 5056K [0x00000007aab00000, 0x00000007ad600000, 0x0000000800000000)
  eden space 17408K, 0% used [0x00000007aab00000,0x00000007aab00000,0x00000007abc00000)
  from space 5120K, 98% used [0x00000007abc00000,0x00000007ac0f0000,0x00000007ac100000)
  to   space 11776K, 0% used [0x00000007aca80000,0x00000007aca80000,0x00000007ad600000)
 ParOldGen       total 460288K, used 459843K [0x0000000700000000, 0x000000071c180000, 0x00000007aab00000)
  object space 460288K, 99% used [0x0000000700000000,0x000000071c110ff0,0x000000071c180000)
 Metaspace       used 56154K, committed 57600K, reserved 1114112K
  class space    used 6066K, committed 6720K, reserved 1048576K
}
Event: 37.204 GC heap before
{Heap before GC invocations=174 (full 2):
 PSYoungGen      total 22528K, used 22464K [0x00000007aab00000, 0x00000007ad600000, 0x0000000800000000)
  eden space 17408K, 100% used [0x00000007aab00000,0x00000007abc00000,0x00000007abc00000)
  from space 5120K, 98% used [0x00000007abc00000,0x00000007ac0f0000,0x00000007ac100000)
  to   space 11776K, 0% used [0x00000007aca80000,0x00000007aca80000,0x00000007ad600000)
 ParOldGen       total 460288K, used 459843K [0x0000000700000000, 0x000000071c180000, 0x00000007aab00000)
  object space 460288K, 99% used [0x0000000700000000,0x000000071c110ff0,0x000000071c180000)
 Metaspace       used 56180K, committed 57664K, reserved 1114112K
  class space    used 6067K, committed 6720K, reserved 1048576K
}
Event: 37.217 GC heap after
{Heap after GC invocations=174 (full 2):
 PSYoungGen      total 23552K, used 5920K [0x00000007aab00000, 0x00000007ad080000, 0x0000000800000000)
  eden space 17408K, 0% used [0x00000007aab00000,0x00000007aab00000,0x00000007abc00000)
  from space 6144K, 96% used [0x00000007aca80000,0x00000007ad048020,0x00000007ad080000)
  to   space 7168K, 0% used [0x00000007ac280000,0x00000007ac280000,0x00000007ac980000)
 ParOldGen       total 464896K, used 464793K [0x0000000700000000, 0x000000071c600000, 0x00000007aab00000)
  object space 464896K, 99% used [0x0000000700000000,0x000000071c5e6758,0x000000071c600000)
 Metaspace       used 56180K, committed 57664K, reserved 1114112K
  class space    used 6067K, committed 6720K, reserved 1048576K
}
Event: 37.455 GC heap before
{Heap before GC invocations=175 (full 2):
 PSYoungGen      total 23552K, used 23328K [0x00000007aab00000, 0x00000007ad080000, 0x0000000800000000)
  eden space 17408K, 100% used [0x00000007aab00000,0x00000007abc00000,0x00000007abc00000)
  from space 6144K, 96% used [0x00000007aca80000,0x00000007ad048020,0x00000007ad080000)
  to   space 7168K, 0% used [0x00000007ac280000,0x00000007ac280000,0x00000007ac980000)
 ParOldGen       total 464896K, used 464793K [0x0000000700000000, 0x000000071c600000, 0x00000007aab00000)
  object space 464896K, 99% used [0x0000000700000000,0x000000071c5e6758,0x000000071c600000)
 Metaspace       used 56184K, committed 57664K, reserved 1114112K
  class space    used 6067K, committed 6720K, reserved 1048576K
}
Event: 37.469 GC heap after
{Heap after GC invocations=175 (full 2):
 PSYoungGen      total 23552K, used 6112K [0x00000007aab00000, 0x00000007acb00000, 0x0000000800000000)
  eden space 17408K, 0% used [0x00000007aab00000,0x00000007aab00000,0x00000007abc00000)
  from space 6144K, 99% used [0x00000007ac280000,0x00000007ac878020,0x00000007ac880000)
  to   space 2560K, 0% used [0x00000007ac880000,0x00000007ac880000,0x00000007acb00000)
 ParOldGen       total 470528K, used 470297K [0x0000000700000000, 0x000000071cb80000, 0x00000007aab00000)
  object space 470528K, 99% used [0x0000000700000000,0x000000071cb46758,0x000000071cb80000)
 Metaspace       used 56184K, committed 57664K, reserved 1114112K
  class space    used 6067K, committed 6720K, reserved 1048576K
}
Event: 38.074 GC heap before
{Heap before GC invocations=176 (full 2):
 PSYoungGen      total 23552K, used 23520K [0x00000007aab00000, 0x00000007acb00000, 0x0000000800000000)
  eden space 17408K, 100% used [0x00000007aab00000,0x00000007abc00000,0x00000007abc00000)
  from space 6144K, 99% used [0x00000007ac280000,0x00000007ac878020,0x00000007ac880000)
  to   space 2560K, 0% used [0x00000007ac880000,0x00000007ac880000,0x00000007acb00000)
 ParOldGen       total 515584K, used 514948K [0x0000000700000000, 0x000000071f780000, 0x00000007aab00000)
  object space 515584K, 99% used [0x0000000700000000,0x000000071f6e1020,0x000000071f780000)
 Metaspace       used 56572K, committed 58048K, reserved 1114112K
  class space    used 6117K, committed 6784K, reserved 1048576K
}
Event: 38.087 GC heap after
{Heap after GC invocations=176 (full 2):
 PSYoungGen      total 19968K, used 2354K [0x00000007aab00000, 0x00000007acb00000, 0x0000000800000000)
  eden space 17408K, 0% used [0x00000007aab00000,0x00000007aab00000,0x00000007abc00000)
  from space 2560K, 91% used [0x00000007ac880000,0x00000007acacc970,0x00000007acb00000)
  to   space 4096K, 0% used [0x00000007ac300000,0x00000007ac300000,0x00000007ac700000)
 ParOldGen       total 521216K, used 520932K [0x0000000700000000, 0x000000071fd00000, 0x00000007aab00000)
  object space 521216K, 99% used [0x0000000700000000,0x000000071fcb9050,0x000000071fd00000)
 Metaspace       used 56572K, committed 58048K, reserved 1114112K
  class space    used 6117K, committed 6784K, reserved 1048576K
}
Event: 38.392 GC heap before
{Heap before GC invocations=177 (full 2):
 PSYoungGen      total 19968K, used 19762K [0x00000007aab00000, 0x00000007acb00000, 0x0000000800000000)
  eden space 17408K, 100% used [0x00000007aab00000,0x00000007abc00000,0x00000007abc00000)
  from space 2560K, 91% used [0x00000007ac880000,0x00000007acacc970,0x00000007acb00000)
  to   space 4096K, 0% used [0x00000007ac300000,0x00000007ac300000,0x00000007ac700000)
 ParOldGen       total 611328K, used 610140K [0x0000000700000000, 0x0000000725500000, 0x00000007aab00000)
  object space 611328K, 99% used [0x0000000700000000,0x00000007253d70b0,0x0000000725500000)
 Metaspace       used 56589K, committed 58048K, reserved 1114112K
  class space    used 6118K, committed 6784K, reserved 1048576K
}
Event: 38.409 GC heap after
{Heap after GC invocations=177 (full 2):
 PSYoungGen      total 21504K, used 4090K [0x00000007aab00000, 0x00000007add00000, 0x0000000800000000)
  eden space 17408K, 0% used [0x00000007aab00000,0x00000007aab00000,0x00000007abc00000)
  from space 4096K, 99% used [0x00000007ac300000,0x00000007ac6feb80,0x00000007ac700000)
  to   space 16896K, 0% used [0x00000007acc80000,0x00000007acc80000,0x00000007add00000)
 ParOldGen       total 620544K, used 620537K [0x0000000700000000, 0x0000000725e00000, 0x00000007aab00000)
  object space 620544K, 99% used [0x0000000700000000,0x0000000725dfe610,0x0000000725e00000)
 Metaspace       used 56589K, committed 58048K, reserved 1114112K
  class space    used 6118K, committed 6784K, reserved 1048576K
}
Event: 38.608 GC heap before
{Heap before GC invocations=178 (full 2):
 PSYoungGen      total 21504K, used 21498K [0x00000007aab00000, 0x00000007add00000, 0x0000000800000000)
  eden space 17408K, 100% used [0x00000007aab00000,0x00000007abc00000,0x00000007abc00000)
  from space 4096K, 99% used [0x00000007ac300000,0x00000007ac6feb80,0x00000007ac700000)
  to   space 16896K, 0% used [0x00000007acc80000,0x00000007acc80000,0x00000007add00000)
 ParOldGen       total 620544K, used 620537K [0x0000000700000000, 0x0000000725e00000, 0x00000007aab00000)
  object space 620544K, 99% used [0x0000000700000000,0x0000000725dfe610,0x0000000725e00000)
 Metaspace       used 56589K, committed 58048K, reserved 1114112K
  class space    used 6118K, committed 6784K, reserved 1048576K
}
Event: 38.619 GC heap after
{Heap after GC invocations=178 (full 2):
 PSYoungGen      total 28160K, used 10518K [0x00000007aab00000, 0x00000007ad700000, 0x0000000800000000)
  eden space 17408K, 0% used [0x00000007aab00000,0x00000007aab00000,0x00000007abc00000)
  from space 10752K, 97% used [0x00000007acc80000,0x00000007ad6c5a48,0x00000007ad700000)
  to   space 12288K, 0% used [0x00000007abf00000,0x00000007abf00000,0x00000007acb00000)
 ParOldGen       total 624128K, used 624008K [0x0000000700000000, 0x0000000726180000, 0x00000007aab00000)
  object space 624128K, 99% used [0x0000000700000000,0x0000000726162168,0x0000000726180000)
 Metaspace       used 56589K, committed 58048K, reserved 1114112K
  class space    used 6118K, committed 6784K, reserved 1048576K
}
Event: 38.698 GC heap before
{Heap before GC invocations=179 (full 2):
 PSYoungGen      total 28160K, used 27653K [0x00000007aab00000, 0x00000007ad700000, 0x0000000800000000)
  eden space 17408K, 98% used [0x00000007aab00000,0x00000007abbbbae0,0x00000007abc00000)
  from space 10752K, 97% used [0x00000007acc80000,0x00000007ad6c5a48,0x00000007ad700000)
  to   space 12288K, 0% used [0x00000007abf00000,0x00000007abf00000,0x00000007acb00000)
 ParOldGen       total 624128K, used 624008K [0x0000000700000000, 0x0000000726180000, 0x00000007aab00000)
  object space 624128K, 99% used [0x0000000700000000,0x0000000726162168,0x0000000726180000)
 Metaspace       used 56591K, committed 58048K, reserved 1114112K
  class space    used 6118K, committed 6784K, reserved 1048576K
}
Event: 38.712 GC heap after
{Heap after GC invocations=179 (full 2):
 PSYoungGen      total 27136K, used 9545K [0x00000007aab00000, 0x00000007ad000000, 0x0000000800000000)
  eden space 17408K, 0% used [0x00000007aab00000,0x00000007aab00000,0x00000007abc00000)
  from space 9728K, 98% used [0x00000007abf00000,0x00000007ac852448,0x00000007ac880000)
  to   space 7680K, 0% used [0x00000007ac880000,0x00000007ac880000,0x00000007ad000000)
 ParOldGen       total 633344K, used 632912K [0x0000000700000000, 0x0000000726a80000, 0x00000007aab00000)
  object space 633344K, 99% used [0x0000000700000000,0x0000000726a14168,0x0000000726a80000)
 Metaspace       used 56591K, committed 58048K, reserved 1114112K
  class space    used 6118K, committed 6784K, reserved 1048576K
}
Event: 38.748 GC heap before
{Heap before GC invocations=180 (full 2):
 PSYoungGen      total 27136K, used 26396K [0x00000007aab00000, 0x00000007ad000000, 0x0000000800000000)
  eden space 17408K, 96% used [0x00000007aab00000,0x00000007abb74d08,0x00000007abc00000)
  from space 9728K, 98% used [0x00000007abf00000,0x00000007ac852448,0x00000007ac880000)
  to   space 7680K, 0% used [0x00000007ac880000,0x00000007ac880000,0x00000007ad000000)
 ParOldGen       total 633344K, used 632912K [0x0000000700000000, 0x0000000726a80000, 0x00000007aab00000)
  object space 633344K, 99% used [0x0000000700000000,0x0000000726a14168,0x0000000726a80000)
 Metaspace       used 56591K, committed 58048K, reserved 1114112K
  class space    used 6118K, committed 6784K, reserved 1048576K
}

